:0: FutureWarning: IPython widgets are experimental and may change in the future.
................................................S...........................S..SS.................................S.........SSS.............['--a=10', '--b=20', '--Foo.Bar.value=10', '--Foo.Bam.value=list(range(10))', "--D.C.value='hi there'"]
['--a=10', '--b=20', '--Foo.Bar.value=10', '--Foo.Bam.value=list(range(10))', "--D.C.value='hi there'"]
'%run a.py /tmp/tmpono4aur9/a'
.................................ERROR - failed to write data to stream: <_io.TextIOWrapper name='<stdout>' mode='w' encoding='ANSI_X3.4-1968'>
E.......................................................................................................................Automatic calling is: OFF
-> autocallable()
Automatic calling is: Smart
-> len("abc")
-> len("abc");
-> len([1,2])
-> call_idx(1)
Automatic calling is: Full
-> len("abc")
-> len("abc");
-> len([1,2])
-> call_idx(1)
-> len()
Automatic calling is: Smart
def f():
    test = 1
    return test

The following commands were written to file `/tmp/tmpihb8kkxq/test4.py`:
=== Executing: ===
a += 1
=== Output: ===
  x=1
# a comment
  y=2
  x=1
# a comment
  y=2
---------------------------------------------------------------------------
OSError                                   Traceback (most recent call last)
/usr/local/lib/python3.4/site-packages/IPython/core/interactiveshell.py in run_code(self, code_obj, result)
   3034                 #rprint('Running code', repr(code_obj)) # dbg
-> 3035                 exec(code_obj, self.user_global_ns, self.user_ns)
   3036             finally:

<ipython-input-5-0ecbd009fc56> in <module>()
----> 1 raise IOError("foo")

OSError: foo

During handling of the above exception, another exception occurred:

TypeError                                 Traceback (most recent call last)
TypeError: <lambda>() got an unexpected keyword argument 'tb_offset'
The original exception:
---------------------------------------------------------------------------
NameError                                 Traceback (most recent call last)
/usr/local/lib/python3.4/site-packages/IPython/core/interactiveshell.py in run_code(self, code_obj, result)
   3034                 #rprint('Running code', repr(code_obj)) # dbg
-> 3035                 exec(code_obj, self.user_global_ns, self.user_ns)
   3036             finally:

<ipython-input-5-023330d95310> in <module>()
----> 1 a=abracadabra

NameError: name 'abracadabra' is not defined

During handling of the above exception, another exception occurred:

TypeError                                 Traceback (most recent call last)
TypeError: <lambda>() got multiple values for argument 'tb_offset'
The original exception:
---------------------------------------------------------------------------
ValueError                                Traceback (most recent call last)
<ipython-input-1-6d7f71609539> in <module>()
----> 1 raise ValueError('test')

ValueError: test
Out[3]: 1
Out[4]: 1
..S.......1 2
Out[1]: 'a\nb'
.Out[1]: 'a'
Out[1]: 'a\nb'
........S..Out[1]: 1
..Out[2]: 1
..  File "<ipython-input-2-00dce93c346d>", line 1
    raise = 3
          ^
SyntaxError: invalid syntax

...Macro `macro_var_expand_locals` created. To execute, type its name (without quotes).
=== Macro contents: ===
str(12)
 .......Out[2]: 3
...S...Alarm clock
.SS
KeyboardInterrupt
...Alarm clock
.S........{'a': {'data': {'text/plain': '3'}, 'metadata': {}, 'status': 'ok'},
 'b': {'ename': 'ZeroDivisionError',
       'evalue': 'division by zero',
       'status': 'error',
       'traceback': ['ZeroDivisionError: division by zero\n']}}
  File "<ipython-input-1-9254fbaed0d8>", line 3
    print "hello"
                ^
SyntaxError: Missing parentheses in call to 'print'

Out[1]: 
Activating auto-logging. Current session state plus future input saved.
Filename       : /tmp/tmplz9y3nr1/test_unicode.log
Mode           : backup
Output logging : True
Raw input log  : False
Timestamping   : True
State          : active
Out[1]: 
ERROR - failed to write data to stream: <_io.TextIOWrapper name='<stdout>' mode='w' encoding='ANSI_X3.4-1968'>
ERROR - failed to write data to stream: <_io.TextIOWrapper name='<stdout>' mode='w' encoding='ANSI_X3.4-1968'>
.Out[1]: ('c', 'd')
.Out[1]: ('c', 'd')
.Out[1]: ('c', 'd')
.Out[1]: ('c', 'd')
.......env: var='val1 '' 'val2
env: var=val2 val3="val4
env: var=val1
env: var=val2
Out[1]: <__main__.A at 0x7eff2b25eb38>
........Available objects for config:
     TerminalInteractiveShell
     HistoryManager
     PrefilterManager
     IPCompleter
     PromptManager
     DisplayFormatter
     MagicsManager
     ScriptMagics
     AliasManager
     StoreMagics
     StoreMagics
Out[1]: 3
..ERROR! Session/line number was not unique in database. History logging moved to new session 7
Macro `test` created. To execute, type its name (without quotes).
=== Macro contents: ===
a=1
def b():
  return a**2
print(a,b())
 11
Macro `test` created. To execute, type its name (without quotes).
=== Macro contents: ===
a+=1
print(a)
 ...Out[7]: 'dead'
.Flushing output cache (1 entries)
Out[8]: 'dead'
....Flushing input history
/usr/local/lib/python3.4/site-packages/nose/tools
/
Flushing directory history
------> print('foo')
foo
Flushing input history
  File "<ipython-input-9-91e454eba04c>", line 1
    for
       ^
SyntaxError: invalid syntax

...S....CPU times: user 3 us, sys: 0 ns, total: 3 us
Wall time: 6.68 us
Exception reporting mode: Plain
Doctest mode is: ON
Exception reporting mode: Context
Doctest mode is: OFF
/.ipython
/
/.ipython
/
popd -> ~
Exception reporting mode: Verbose
Exception reporting mode: Plain
Exception reporting mode: Context
Out[9]: <A instance>
..Variable   Type    Data/Info
----------------------------
a          A       <object with id 139634405469992 (str() failed)>
.....1 loops, best of 3: 1.02 us per loop
1 loops, best of 1: 2.36 us per loop
1 loops, best of 1: 2.23 us per loop
1 loops, best of 1: 1.08 us per loop
1 loops, best of 1: 2.12 us per loop
1 loops, best of 1: 2.27 us per loop
The slowest run took 117.55 times longer than the fastest. This could mean that an intermediate result is being cached 
100000000 loops, best of 3: 8.65 ns per loop
1 loops, best of 1: 52 us per loop
1 loops, best of 1: 50.5 us per loop
10 loops, best of 10: 74.7 ns per loop
.S.........   Installed daft_extension.py. To use it, type:
  %load_ext daft_extension
Writing /tmp/tmpzfvtreg4/file1
Writing /tmp/tmp6oezoc_c/file1
Writing /tmp/tmpl0qzyso3/file1
Writing /tmp/tmp_dayi0uk/file2
Appending to /tmp/tmp_dayi0uk/file2
.............Starting job # 0 in a separate thread.
Starting job # 2 in a separate thread.
Starting job # 3 in a separate thread.
Created `%timeit_alias` as an alias for `%timeit`.
Created `%%timeit_alias` as an alias for `%%timeit`.
Created `%%timeit_cell_alias` as an alias for `%%timeit`.
Created `%env_alias` as an alias for `%env`.
The following commands were written to file `/tmp/tmp3p032cqi/testsave.py`:
a=1
def b():
  return a**2
print(a, b())
The following commands were written to file `/tmp/tmp3p032cqi/testsave.py`:
a=1
def b():
  return a**2
print(a, b())
The storemagic extension is already loaded. To reload it, use:
  %reload_ext storemagic
Stored 'var' (int)
IPython will make a temporary file named: /tmp/ipython_edit_jvt32553/ipython_edit_pinc33dn.py
.............Block assigned to 'foo'
Re-executing '        >>> x = [1,2,3]...' (119 chars)
.........................<function f at 0x7eff34ff3488>
<bound method SimpleClass.method of <IPython.core.tests.test_oinspect.SimpleClass object at 0x7eff2b24a160>>
<built-in function any>
<method 'upper' of 'str' objects>
 foo()
 E...........Automatic calling is: Full
-------> f(1)
-------> f(-1)
-------> f(+1)
Automatic calling is: OFF
Automatic calling is: Full
-------> x(1)
Automatic calling is: OFF
........S.......S..........Warning: Cannot change to a different GUI toolkit: gtk. Using qt instead.
         46 function calls (45 primitive calls) in 0.000 seconds

   Ordered by: internal time

   ncalls  tottime  percall  cumtime  percall filename:lineno(function)
        2    0.000    0.000    0.000    0.000 {built-in method open}
      2/1    0.000    0.000    0.000    0.000 {built-in method exec}
        1    0.000    0.000    0.000    0.000 interactiveshell.py:2587(safe_execfile)
        1    0.000    0.000    0.000    0.000 py3compat.py:112(execfile)
        1    0.000    0.000    0.000    0.000 {built-in method compile}
        1    0.000    0.000    0.000    0.000 posixpath.py:318(normpath)
        1    0.000    0.000    0.000    0.000 posixpath.py:145(dirname)
        1    0.000    0.000    0.000    0.000 {method 'read' of '_io.BufferedReader' objects}
        1    0.000    0.000    0.000    0.000 posixpath.py:221(expanduser)
        4    0.000    0.000    0.000    0.000 {built-in method isinstance}
        1    0.000    0.000    0.000    0.000 syspathcontext.py:54(__init__)
        1    0.000    0.000    0.000    0.000 <string>:1(<module>)
        4    0.000    0.000    0.000    0.000 {method 'startswith' of 'str' objects}
        1    0.000    0.000    0.000    0.000 syspathcontext.py:57(__enter__)
        1    0.000    0.000    0.000    0.000 syspathcontext.py:64(__exit__)
        1    0.000    0.000    0.000    0.000 _bootlocale.py:23(getpreferredencoding)
        1    0.000    0.000    0.000    0.000 posixpath.py:60(isabs)
        2    0.000    0.000    0.000    0.000 posixpath.py:38(_get_sep)
        1    0.000    0.000    0.000    0.000 posixpath.py:355(abspath)
        2    0.000    0.000    0.000    0.000 {method 'append' of 'list' objects}
        3    0.000    0.000    0.000    0.000 {method 'setdefault' of 'dict' objects}
        1    0.000    0.000    0.000    0.000 codecs.py:257(__init__)
        1    0.000    0.000    0.000    0.000 {built-in method nl_langinfo}
        1    0.000    0.000    0.000    0.000 {method 'split' of 'str' objects}
        1    0.000    0.000    0.000    0.000 {method 'insert' of 'list' objects}
        1    0.000    0.000    0.000    0.000 {method 'rfind' of 'str' objects}
        1    0.000    0.000    0.000    0.000 {method 'remove' of 'list' objects}
        1    0.000    0.000    0.000    0.000 {method 'join' of 'str' objects}
        1    0.000    0.000    0.000    0.000 py3compat.py:11(no_code)
        1    0.000    0.000    0.000    0.000 tmplh8t6njb.py:1(<module>)
        1    0.000    0.000    0.000    0.000 {built-in method len}
        1    0.000    0.000    0.000    0.000 {method 'rstrip' of 'str' objects}
        1    0.000    0.000    0.000    0.000 {method 'disable' of '_lsprof.Profiler' objects}
        1    0.000    0.000    0.000    0.000 {built-in method getdefaultencoding}
 Out[11]: True
..............
IPython CPU timings (estimated):
  User   :       0.00 s.
  System :       0.00 s.
Wall time:       0.00 s.

IPython CPU timings (estimated):
Total runs performed: 10
  Times  :      Total      Per run
  User   :       0.00 s,       0.00 s.
  System :       0.00 s,       0.00 s.
Wall time:       0.00 s.
*** Blank or comment
*** Blank or comment
NOTE: Enter 'c' at the ipdb>  prompt to continue execution.
*** Blank or comment
*** Blank or comment
NOTE: Enter 'c' at the ipdb>  prompt to continue execution.
         585 function calls (582 primitive calls) in 0.003 seconds

   Ordered by: internal time

   ncalls  tottime  percall  cumtime  percall filename:lineno(function)
       21    0.000    0.000    0.000    0.000 {built-in method stat}
        6    0.000    0.000    0.000    0.000 <frozen importlib._bootstrap>:1621(get_data)
        3    0.000    0.000    0.000    0.000 {built-in method compile}
        3    0.000    0.000    0.000    0.000 <frozen importlib._bootstrap>:99(_write_atomic)
        3    0.000    0.000    0.000    0.000 {built-in method open}
        3    0.000    0.000    0.000    0.000 <frozen importlib._bootstrap>:2016(find_spec)
        3    0.000    0.000    0.000    0.000 {built-in method replace}
        3    0.000    0.000    0.001    0.000 <frozen importlib._bootstrap>:1534(get_code)
       20    0.000    0.000    0.000    0.000 <frozen importlib._bootstrap>:52(<listcomp>)
       20    0.000    0.000    0.000    0.000 <frozen importlib._bootstrap>:50(_path_join)
        2    0.000    0.000    0.000    0.000 {built-in method listdir}
      4/1    0.000    0.000    0.003    0.003 {built-in method exec}
        3    0.000    0.000    0.000    0.000 <frozen importlib._bootstrap>:1641(set_data)
        3    0.000    0.000    0.000    0.000 {method 'write' of '_io.FileIO' objects}
        3    0.000    0.000    0.001    0.000 <frozen importlib._bootstrap>:2147(_find_spec)
       21    0.000    0.000    0.000    0.000 <frozen importlib._bootstrap>:68(_path_stat)
        6    0.000    0.000    0.000    0.000 <frozen importlib._bootstrap>:437(cache_from_source)
       46    0.000    0.000    0.000    0.000 {method 'rstrip' of 'str' objects}
        2    0.000    0.000    0.000    0.000 <frozen importlib._bootstrap>:1019(init_module_attrs)
        3    0.000    0.000    0.000    0.000 <frozen importlib._bootstrap>:666(_code_to_bytecode)
        2    0.000    0.000    0.000    0.000 <frozen importlib._bootstrap>:1853(_path_hooks)
        3    0.000    0.000    0.000    0.000 {method 'read' of '_io.FileIO' objects}
       10    0.000    0.000    0.000    0.000 <frozen importlib._bootstrap>:56(_path_split)
        1    0.000    0.000    0.000    0.000 {built-in method mkdir}
       25    0.000    0.000    0.000    0.000 {method 'rpartition' of 'str' objects}
       12    0.000    0.000    0.000    0.000 <frozen importlib._bootstrap>:78(_path_is_mode_type)
        2    0.000    0.000    0.002    0.001 <frozen importlib._bootstrap>:2234(_find_and_load)
       26    0.000    0.000    0.000    0.000 {method 'join' of 'str' objects}
        2    0.000    0.000    0.001    0.001 <frozen importlib._bootstrap>:1186(_load_unlocked)
        2    0.000    0.000    0.002    0.001 <frozen importlib._bootstrap>:2207(_find_and_load_unlocked)
       19    0.000    0.000    0.000    0.000 <frozen importlib._bootstrap>:518(_verbose_message)
        2    0.000    0.000    0.000    0.000 <frozen importlib._bootstrap>:1979(__init__)
        3    0.000    0.000    0.001    0.000 <frozen importlib._bootstrap>:1902(_get_spec)
        2    0.000    0.000    0.000    0.000 <frozen importlib._bootstrap>:257(__init__)
        5    0.000    0.000    0.000    0.000 <frozen importlib._bootstrap>:824(cached)
       11    0.000    0.000    0.000    0.000 {method 'format' of 'str' objects}
        6    0.000    0.000    0.000    0.000 {method 'extend' of 'list' objects}
        1    0.000    0.000    0.001    0.001 runpy.py:88(_run_module_code)
        6    0.000    0.000    0.000    0.000 <frozen importlib._bootstrap>:40(_w_long)
        3    0.000    0.000    0.000    0.000 {built-in method dumps}
        9    0.000    0.000    0.000    0.000 <frozen importlib._bootstrap>:2124(__exit__)
        2    0.000    0.000    0.000    0.000 <frozen importlib._bootstrap>:2061(_fill_cache)
        9    0.000    0.000    0.000    0.000 <frozen importlib._bootstrap>:2120(__enter__)
        2    0.000    0.000    0.000    0.000 <frozen importlib._bootstrap>:261(__enter__)
        3    0.000    0.000    0.000    0.000 <frozen importlib._bootstrap>:1870(_path_importer_cache)
        3    0.000    0.000    0.000    0.000 <frozen importlib._bootstrap>:884(spec_from_file_location)
        2    0.000    0.000    0.000    0.000 <frozen importlib._bootstrap>:274(_get_module_lock)
        3    0.000    0.000    0.000    0.000 <frozen importlib._bootstrap>:2011(_get_spec)
        2    0.000    0.000    0.000    0.000 <frozen importlib._bootstrap>:739(__exit__)
        1    0.000    0.000    0.001    0.001 util.py:64(find_spec)
       16    0.000    0.000    0.000    0.000 <frozen importlib._bootstrap>:1985(<genexpr>)
        2    0.000    0.000    0.000    0.000 <frozen importlib._bootstrap>:192(acquire)
        6    0.000    0.000    0.000    0.000 <frozen importlib._bootstrap>:92(_path_isdir)
        3    0.000    0.000    0.001    0.000 <frozen importlib._bootstrap>:1636(_cache_bytecode)
       10    0.000    0.000    0.000    0.000 {built-in method hasattr}
        2    0.000    0.000    0.000    0.000 <frozen importlib._bootstrap>:172(__init__)
        5    0.000    0.000    0.000    0.000 <frozen importlib._bootstrap>:313(_call_with_frames_removed)
        2    0.000    0.000    0.000    0.000 <frozen importlib._bootstrap>:1099(create)
        2    0.000    0.000    0.000    0.000 {built-in method any}
        2    0.000    0.000    0.000    0.000 <frozen importlib._bootstrap>:2102(path_hook_for_FileFinder)
        2    0.000    0.000    0.001    0.000 <frozen importlib._bootstrap>:1465(exec_module)
       10    0.000    0.000    0.000    0.000 {built-in method getattr}
       13    0.000    0.000    0.000    0.000 {built-in method len}
        9    0.000    0.000    0.000    0.000 {method 'extend' of 'bytearray' objects}
        6    0.000    0.000    0.000    0.000 <frozen importlib._bootstrap>:87(_path_isfile)
        1    0.000    0.000    0.001    0.001 runpy.py:62(_run_code)
        1    0.000    0.000    0.002    0.002 interactiveshell.py:2716(safe_run_module)
        3    0.000    0.000    0.000    0.000 <frozen importlib._bootstrap>:1526(source_to_code)
        2    0.000    0.000    0.000    0.000 <frozen importlib._bootstrap>:217(release)
        3    0.000    0.000    0.000    0.000 <frozen importlib._bootstrap>:1631(path_stats)
        1    0.000    0.000    0.001    0.001 {built-in method __import__}
        2    0.000    0.000    0.000    0.000 <frozen importlib._bootstrap>:268(__exit__)
        9    0.000    0.000    0.000    0.000 {built-in method acquire_lock}
        2    0.000    0.000    0.000    0.000 <frozen importlib._bootstrap>:129(_new_module)
        3    0.000    0.000    0.000    0.000 <frozen importlib._bootstrap>:534(_check_name_wrapper)
        3    0.000    0.000    0.001    0.000 <frozen importlib._bootstrap>:1934(find_spec)
        3    0.000    0.000    0.000    0.000 <frozen importlib._bootstrap>:506(_calc_mode)
       11    0.000    0.000    0.000    0.000 {built-in method release_lock}
        3    0.000    0.000    0.000    0.000 <frozen importlib._bootstrap>:1336(find_spec)
        2    0.000    0.000    0.000    0.000 <frozen importlib._bootstrap>:732(__enter__)
        1    0.000    0.000    0.001    0.001 absolute.py:2(<module>)
        1    0.000    0.000    0.002    0.002 runpy.py:102(_get_module_details)
        1    0.000    0.000    0.002    0.002 runpy.py:172(run_module)
        6    0.000    0.000    0.000    0.000 {method 'to_bytes' of 'int' objects}
        8    0.000    0.000    0.000    0.000 <frozen importlib._bootstrap>:742(<genexpr>)
        5    0.000    0.000    0.000    0.000 {method 'startswith' of 'str' objects}
        2    0.000    0.000    0.000    0.000 <frozen importlib._bootstrap>:2264(_handle_fromlist)
        3    0.000    0.000    0.000    0.000 <frozen importlib._bootstrap>:790(__init__)
        3    0.000    0.000    0.000    0.000 {built-in method is_frozen}
        3    0.000    0.000    0.000    0.000 <frozen importlib._bootstrap>:842(parent)
        3    0.000    0.000    0.000    0.000 <frozen importlib._bootstrap>:1266(find_spec)
        1    0.000    0.000    0.000    0.000 runpy.py:25(__init__)
        2    0.000    0.000    0.001    0.000 <frozen importlib._bootstrap>:1122(_exec)
        4    0.000    0.000    0.000    0.000 {built-in method allocate_lock}
        1    0.000    0.000    0.000    0.000 runpy.py:30(__enter__)
        3    0.000    0.000    0.000    0.000 <frozen importlib._bootstrap>:1591(__init__)
        2    0.000    0.000    0.000    0.000 {method 'update' of 'dict' objects}
        3    0.000    0.000    0.000    0.000 {method 'endswith' of 'str' objects}
        3    0.000    0.000    0.000    0.000 {built-in method isinstance}
        3    0.000    0.000    0.000    0.000 {built-in method id}
        4    0.000    0.000    0.000    0.000 {built-in method get_ident}
        1    0.000    0.000    0.000    0.000 {built-in method is_builtin}
        1    0.000    0.000    0.002    0.002 <string>:1(<module>)
        2    0.000    0.000    0.000    0.000 <frozen importlib._bootstrap>:288(cb)
        1    0.000    0.000    0.000    0.000 {method 'copy' of 'dict' objects}
        1    0.000    0.000    0.000    0.000 runpy.py:47(__init__)
        2    0.000    0.000    0.000    0.000 {method 'append' of 'list' objects}
        1    0.000    0.000    0.000    0.000 runpy.py:57(__exit__)
        1    0.000    0.000    0.000    0.000 runpy.py:39(__exit__)
        2    0.000    0.000    0.000    0.000 <frozen importlib._bootstrap>:728(__init__)
        3    0.000    0.000    0.000    0.000 <frozen importlib._bootstrap>:1616(get_filename)
        1    0.000    0.000    0.000    0.000 runpy.py:51(__enter__)
        2    0.000    0.000    0.000    0.000 <frozen importlib._bootstrap>:1000(__init__)
        2    0.000    0.000    0.000    0.000 <frozen importlib._bootstrap>:850(has_location)
        3    0.000    0.000    0.000    0.000 <frozen importlib._bootstrap>:34(_relax_case)
        1    0.000    0.000    0.000    0.000 {built-in method setattr}
        1    0.000    0.000    0.000    0.000 __init__.py:1(<module>)
        1    0.000    0.000    0.000    0.000 sub.py:2(<module>)
        1    0.000    0.000    0.000    0.000 {method 'disable' of '_lsprof.Profiler' objects}.
          585 function calls (582 primitive calls) in 0.002 seconds

   Ordered by: internal time

   ncalls  tottime  percall  cumtime  percall filename:lineno(function)
       21    0.000    0.000    0.000    0.000 {built-in method stat}
        6    0.000    0.000    0.000    0.000 <frozen importlib._bootstrap>:1621(get_data)
        3    0.000    0.000    0.000    0.000 {built-in method open}
        3    0.000    0.000    0.000    0.000 {built-in method compile}
        3    0.000    0.000    0.000    0.000 {built-in method replace}
        3    0.000    0.000    0.000    0.000 <frozen importlib._bootstrap>:99(_write_atomic)
        3    0.000    0.000    0.000    0.000 <frozen importlib._bootstrap>:2016(find_spec)
        3    0.000    0.000    0.001    0.000 <frozen importlib._bootstrap>:1534(get_code)
       20    0.000    0.000    0.000    0.000 <frozen importlib._bootstrap>:50(_path_join)
       20    0.000    0.000    0.000    0.000 <frozen importlib._bootstrap>:52(<listcomp>)
        2    0.000    0.000    0.000    0.000 {built-in method listdir}
        3    0.000    0.000    0.001    0.000 <frozen importlib._bootstrap>:2147(_find_spec)
      4/1    0.000    0.000    0.002    0.002 {built-in method exec}
       21    0.000    0.000    0.000    0.000 <frozen importlib._bootstrap>:68(_path_stat)
        3    0.000    0.000    0.000    0.000 <frozen importlib._bootstrap>:1641(set_data)
        3    0.000    0.000    0.000    0.000 {method 'write' of '_io.FileIO' objects}
       46    0.000    0.000    0.000    0.000 {method 'rstrip' of 'str' objects}
        6    0.000    0.000    0.000    0.000 <frozen importlib._bootstrap>:437(cache_from_source)
        2    0.000    0.000    0.000    0.000 <frozen importlib._bootstrap>:1853(_path_hooks)
        3    0.000    0.000    0.000    0.000 <frozen importlib._bootstrap>:666(_code_to_bytecode)
       12    0.000    0.000    0.000    0.000 <frozen importlib._bootstrap>:78(_path_is_mode_type)
        1    0.000    0.000    0.000    0.000 {built-in method mkdir}
       10    0.000    0.000    0.000    0.000 <frozen importlib._bootstrap>:56(_path_split)
       25    0.000    0.000    0.000    0.000 {method 'rpartition' of 'str' objects}
       26    0.000    0.000    0.000    0.000 {method 'join' of 'str' objects}
        3    0.000    0.000    0.000    0.000 {method 'read' of '_io.FileIO' objects}
        2    0.000    0.000    0.001    0.001 <frozen importlib._bootstrap>:1186(_load_unlocked)
        2    0.000    0.000    0.000    0.000 <frozen importlib._bootstrap>:1019(init_module_attrs)
        2    0.000    0.000    0.002    0.001 <frozen importlib._bootstrap>:2234(_find_and_load)
        3    0.000    0.000    0.001    0.000 <frozen importlib._bootstrap>:1902(_get_spec)
       19    0.000    0.000    0.000    0.000 <frozen importlib._bootstrap>:518(_verbose_message)
        6    0.000    0.000    0.000    0.000 {method 'extend' of 'list' objects}
        2    0.000    0.000    0.000    0.000 <frozen importlib._bootstrap>:1979(__init__)
        2    0.000    0.000    0.002    0.001 <frozen importlib._bootstrap>:2207(_find_and_load_unlocked)
        5    0.000    0.000    0.000    0.000 <frozen importlib._bootstrap>:824(cached)
       11    0.000    0.000    0.000    0.000 {method 'format' of 'str' objects}
        3    0.000    0.000    0.000    0.000 {built-in method dumps}
        2    0.000    0.000    0.000    0.000 <frozen importlib._bootstrap>:2061(_fill_cache)
        6    0.000    0.000    0.000    0.000 <frozen importlib._bootstrap>:40(_w_long)
        3    0.000    0.000    0.000    0.000 <frozen importlib._bootstrap>:2011(_get_spec)
        2    0.000    0.000    0.000    0.000 <frozen importlib._bootstrap>:739(__exit__)
        1    0.000    0.000    0.001    0.001 runpy.py:88(_run_module_code)
        9    0.000    0.000    0.000    0.000 <frozen importlib._bootstrap>:2124(__exit__)
        9    0.000    0.000    0.000    0.000 <frozen importlib._bootstrap>:2120(__enter__)
        6    0.000    0.000    0.000    0.000 <frozen importlib._bootstrap>:92(_path_isdir)
        1    0.000    0.000    0.001    0.001 util.py:64(find_spec)
       10    0.000    0.000    0.000    0.000 {built-in method hasattr}
       10    0.000    0.000    0.000    0.000 {built-in method getattr}
        5    0.000    0.000    0.000    0.000 <frozen importlib._bootstrap>:313(_call_with_frames_removed)
        2    0.000    0.000    0.000    0.000 <frozen importlib._bootstrap>:274(_get_module_lock)
        2    0.000    0.000    0.001    0.000 <frozen importlib._bootstrap>:1465(exec_module)
       16    0.000    0.000    0.000    0.000 <frozen importlib._bootstrap>:1985(<genexpr>)
        3    0.000    0.000    0.000    0.000 <frozen importlib._bootstrap>:884(spec_from_file_location)
        3    0.000    0.000    0.001    0.000 <frozen importlib._bootstrap>:1636(_cache_bytecode)
        3    0.000    0.000    0.000    0.000 <frozen importlib._bootstrap>:1526(source_to_code)
        2    0.000    0.000    0.000    0.000 <frozen importlib._bootstrap>:217(release)
        2    0.000    0.000    0.000    0.000 <frozen importlib._bootstrap>:192(acquire)
        1    0.000    0.000    0.001    0.001 {built-in method __import__}
        2    0.000    0.000    0.000    0.000 {built-in method any}
       13    0.000    0.000    0.000    0.000 {built-in method len}
        1    0.000    0.000    0.001    0.001 runpy.py:62(_run_code)
        3    0.000    0.000    0.000    0.000 <frozen importlib._bootstrap>:1631(path_stats)
        3    0.000    0.000    0.000    0.000 <frozen importlib._bootstrap>:1870(_path_importer_cache)
        2    0.000    0.000    0.000    0.000 <frozen importlib._bootstrap>:1099(create)
       11    0.000    0.000    0.000    0.000 {built-in method release_lock}
        2    0.000    0.000    0.000    0.000 <frozen importlib._bootstrap>:2102(path_hook_for_FileFinder)
        3    0.000    0.000    0.000    0.000 <frozen importlib._bootstrap>:506(_calc_mode)
        2    0.000    0.000    0.000    0.000 <frozen importlib._bootstrap>:172(__init__)
        9    0.000    0.000    0.000    0.000 {method 'extend' of 'bytearray' objects}
        8    0.000    0.000    0.000    0.000 <frozen importlib._bootstrap>:742(<genexpr>)
        9    0.000    0.000    0.000    0.000 {built-in method acquire_lock}
        2    0.000    0.000    0.000    0.000 <frozen importlib._bootstrap>:261(__enter__)
        2    0.000    0.000    0.000    0.000 <frozen importlib._bootstrap>:129(_new_module)
        3    0.000    0.000    0.000    0.000 <frozen importlib._bootstrap>:534(_check_name_wrapper)
        2    0.000    0.000    0.000    0.000 <frozen importlib._bootstrap>:268(__exit__)
        6    0.000    0.000    0.000    0.000 {method 'to_bytes' of 'int' objects}
        1    0.000    0.000    0.001    0.001 relative.py:2(<module>)
        2    0.000    0.000    0.000    0.000 <frozen importlib._bootstrap>:732(__enter__)
        3    0.000    0.000    0.000    0.000 <frozen importlib._bootstrap>:790(__init__)
        3    0.000    0.000    0.000    0.000 <frozen importlib._bootstrap>:1336(find_spec)
        5    0.000    0.000    0.000    0.000 {method 'startswith' of 'str' objects}
        6    0.000    0.000    0.000    0.000 <frozen importlib._bootstrap>:87(_path_isfile)
        1    0.000    0.000    0.002    0.002 interactiveshell.py:2716(safe_run_module)
        1    0.000    0.000    0.000    0.000 runpy.py:25(__init__)
        2    0.000    0.000    0.000    0.000 <frozen importlib._bootstrap>:2264(_handle_fromlist)
        3    0.000    0.000    0.001    0.000 <frozen importlib._bootstrap>:1934(find_spec)
        2    0.000    0.000    0.001    0.000 <frozen importlib._bootstrap>:1122(_exec)
        1    0.000    0.000    0.002    0.002 runpy.py:102(_get_module_details)
        1    0.000    0.000    0.002    0.002 runpy.py:172(run_module)
        3    0.000    0.000    0.000    0.000 <frozen importlib._bootstrap>:842(parent)
        3    0.000    0.000    0.000    0.000 {built-in method is_frozen}
        3    0.000    0.000    0.000    0.000 <frozen importlib._bootstrap>:1266(find_spec)
        3    0.000    0.000    0.000    0.000 <frozen importlib._bootstrap>:1591(__init__)
        2    0.000    0.000    0.000    0.000 {method 'update' of 'dict' objects}
        4    0.000    0.000    0.000    0.000 {built-in method get_ident}
        4    0.000    0.000    0.000    0.000 {built-in method allocate_lock}
        1    0.000    0.000    0.002    0.002 <string>:1(<module>)
        2    0.000    0.000    0.000    0.000 <frozen importlib._bootstrap>:288(cb)
        1    0.000    0.000    0.000    0.000 runpy.py:30(__enter__)
        3    0.000    0.000    0.000    0.000 {built-in method id}
        2    0.000    0.000    0.000    0.000 <frozen importlib._bootstrap>:728(__init__)
        3    0.000    0.000    0.000    0.000 {method 'endswith' of 'str' objects}
        1    0.000    0.000    0.000    0.000 {built-in method is_builtin}
        2    0.000    0.000    0.000    0.000 <frozen importlib._bootstrap>:257(__init__)
        1    0.000    0.000    0.000    0.000 {method 'copy' of 'dict' objects}
        1    0.000    0.000    0.000    0.000 runpy.py:47(__init__)
        3    0.000    0.000    0.000    0.000 {built-in method isinstance}
        1    0.000    0.000    0.000    0.000 runpy.py:57(__exit__)
        1    0.000    0.000    0.000    0.000 runpy.py:39(__exit__)
        3    0.000    0.000    0.000    0.000 <frozen importlib._bootstrap>:1616(get_filename)
        1    0.000    0.000    0.000    0.000 runpy.py:51(__enter__)
        2    0.000    0.000    0.000    0.000 <frozen importlib._bootstrap>:1000(__init__)
        1    0.000    0.000    0.000    0.000 {method 'disable' of '_lsprof.Profiler' objects}
        1    0.000    0.000    0.000    0.000 {built-in method setattr}
        2    0.000    0.000    0.000    0.000 {method 'append' of 'list' objects}
        1    0.000    0.000    0.000    0.000 __init__.py:1(<module>)
        1    0.000    0.000    0.000    0.000 sub.py:2(<module>)
        2    0.000    0.000    0.000    0.000 <frozen importlib._bootstrap>:850(has_location)
        3    0.000    0.000    0.000    0.000 <frozen importlib._bootstrap>:34(_relax_case).........S..
 ...S.......E.Terminals not available (error was No module named 'terminado')
SSSSSSTerminals not available (error was No module named 'terminado')
...Terminals not available (error was No module named 'terminado')
EEEEEEEEEEEEEEEEEEEEEEEEEEEEEEEEEETerminals not available (error was No module named 'terminado')
EEEEEEEEEEEEEEEEEEEEEEEEEEEEEEEEEEE.E.........S.E......Terminals not available (error was No module named 'terminado')
./tmp/tmp5c679335
Stored 'foo' (int)
Warning:bar is <function bar at 0x7eff2bc4ae18>
Proper storage of interactively declared classes (or instances
of those classes) is not possible! Only instances
of classes in real modules on file system can be %store'd.

Stored 'foo' (int)
Directory already exists: '/tmp/tmp4w0q1pl1/Directory with spaces in'
Directory already exists: '/tmp/tmp4w0q1pl1/Directory with spaces in'
Directory already exists: '/tmp/tmp4w0q1pl1/Directory with spaces in'
Directory already exists: '/tmp/tmp4w0q1pl1/Directory with spaces in'
Directory already exists: '/tmp/tmp4w0q1pl1/Directory with spaces in'
Directory already exists: '/tmp/tmp4w0q1pl1/Directory with spaces in'
Directory already exists: '/tmp/tmp4w0q1pl1/Directory with spaces in'
Directory already exists: '/tmp/tmp4w0q1pl1/Directory with spaces in'
Directory already exists: '/tmp/tmp4w0q1pl1/Directory with spaces in'
Directory already exists: '/tmp/tmp4w0q1pl1/Directory with spaces in'
Directory already exists: '/tmp/tmp4w0q1pl1/Directory with spaces in'
Directory already exists: '/tmp/tmp4w0q1pl1/Directory with spaces in'
Directory already exists: '/tmp/tmp4w0q1pl1/Directory with spaces in'
Directory already exists: '/tmp/tmp4w0q1pl1/Directory with spaces in'
Directory already exists: '/tmp/tmp4w0q1pl1/Directory with spaces in'
Directory already exists: '/tmp/tmp4w0q1pl1/Directory with spaces in'
Directory already exists: '/tmp/tmp4w0q1pl1/Directory with spaces in'
Directory already exists: '/tmp/tmp4w0q1pl1/Directory with spaces in'
Directory already exists: '/tmp/tmp4w0q1pl1/Directory with spaces in'
Directory already exists: '/tmp/tmp4w0q1pl1/Directory with spaces in'
Directory already exists: '/tmp/tmp4w0q1pl1/Directory with spaces in'
Directory already exists: '/tmp/tmp4w0q1pl1/Directory with spaces in'
Directory already exists: '/tmp/tmp4w0q1pl1/Directory with spaces in'
Directory already exists: '/tmp/tmp4w0q1pl1/Directory with spaces in'
Directory already exists: '/tmp/tmp4w0q1pl1/Directory with spaces in'
Directory already exists: '/tmp/tmp4w0q1pl1/Directory with spaces in'
Directory already exists: '/tmp/tmp4w0q1pl1/Directory with spaces in'
Directory already exists: '/tmp/tmp4w0q1pl1/Directory with spaces in'
Directory already exists: '/tmp/tmp4w0q1pl1/Directory with spaces in'
Directory already exists: '/tmp/tmp4w0q1pl1/Directory with spaces in'
Directory already exists: '/tmp/tmp4w0q1pl1/Directory with spaces in'
Directory already exists: '/tmp/tmp4w0q1pl1/Directory with spaces in'
Directory already exists: '/tmp/tmp4w0q1pl1/Directory with spaces in'
Directory already exists: '/tmp/tmpeaurfgy7/Directory with spaces in'
Directory already exists: '/tmp/tmpeaurfgy7/Directory with spaces in'
Directory already exists: '/tmp/tmpeaurfgy7/Directory with spaces in'
Directory already exists: '/tmp/tmpeaurfgy7/Directory with spaces in'
Directory already exists: '/tmp/tmpeaurfgy7/Directory with spaces in'
Directory already exists: '/tmp/tmpeaurfgy7/Directory with spaces in'
Directory already exists: '/tmp/tmpeaurfgy7/Directory with spaces in'
Directory already exists: '/tmp/tmpeaurfgy7/Directory with spaces in'
Directory already exists: '/tmp/tmpeaurfgy7/Directory with spaces in'
Directory already exists: '/tmp/tmpeaurfgy7/Directory with spaces in'
Directory already exists: '/tmp/tmpeaurfgy7/Directory with spaces in'
Directory already exists: '/tmp/tmpeaurfgy7/Directory with spaces in'
Directory already exists: '/tmp/tmpeaurfgy7/Directory with spaces in'
Directory already exists: '/tmp/tmpeaurfgy7/Directory with spaces in'
Directory already exists: '/tmp/tmpeaurfgy7/Directory with spaces in'
Directory already exists: '/tmp/tmpeaurfgy7/Directory with spaces in'
Directory already exists: '/tmp/tmpeaurfgy7/Directory with spaces in'
Directory already exists: '/tmp/tmpeaurfgy7/Directory with spaces in'
Directory already exists: '/tmp/tmpeaurfgy7/Directory with spaces in'
Directory already exists: '/tmp/tmpeaurfgy7/Directory with spaces in'
Directory already exists: '/tmp/tmpeaurfgy7/Directory with spaces in'
Directory already exists: '/tmp/tmpeaurfgy7/Directory with spaces in'
Directory already exists: '/tmp/tmpeaurfgy7/Directory with spaces in'
Directory already exists: '/tmp/tmpeaurfgy7/Directory with spaces in'
Directory already exists: '/tmp/tmpeaurfgy7/Directory with spaces in'
Directory already exists: '/tmp/tmpeaurfgy7/Directory with spaces in'
Directory already exists: '/tmp/tmpeaurfgy7/Directory with spaces in'
Directory already exists: '/tmp/tmpeaurfgy7/Directory with spaces in'
Directory already exists: '/tmp/tmpeaurfgy7/Directory with spaces in'
Directory already exists: '/tmp/tmpeaurfgy7/Directory with spaces in'
Directory already exists: '/tmp/tmpeaurfgy7/Directory with spaces in'
Directory already exists: '/tmp/tmpeaurfgy7/Directory with spaces in'
Directory already exists: '/tmp/tmpeaurfgy7/Directory with spaces in'
Directory already exists: '/tmp/tmpeaurfgy7/Directory with spaces in'
/tmp/tmpzwelle9q/target /tmp/tmpzwelle9q/test bad symlink/bad symlink False
/tmp/tmpj5yg53vq/test good symlink/zfoo.txt /tmp/tmpj5yg53vq/test good symlink/good symlink True
...Terminals not available (error was No module named 'terminado')
......Terminals not available (error was No module named 'terminado')
..........Terminals not available (error was No module named 'terminado')
...ETerminals not available (error was No module named 'terminado')
......................()
(5, 'hi')
('hi', 5)
({},)
(None,)
[2K[2K.[2K[2K...[2K[2K........Terminals not available (error was No module named 'terminado')
..E.EEEEEEEEEEEEEEEEEEEEEE..............EEEEEEEE........................S............................................EEEEEEESE.EE...S....E.............S......................